Added Component: Designator=*1(R100)
Add component. Clean all parameters for all variants
Add component (AddParameter): Name = "BOM名称"; Value = "探针焊盘"; VariantName = "[No Variations]"
Add component (AddParameter): Name = "学习资源"; Value = "www.ooocke.com"; VariantName = "[No Variations]"
Add component (AddParameter): Name = "版权归属"; Value = "源创客"; VariantName = "[No Variations]"
Added Component: Designator=*2(R100)
Add component. Clean all parameters for all variants
Add component (AddParameter): Name = "BOM名称"; Value = "探针焊盘"; VariantName = "[No Variations]"
Add component (AddParameter): Name = "学习资源"; Value = "www.ooocke.com"; VariantName = "[No Variations]"
Add component (AddParameter): Name = "版权归属"; Value = "源创客"; VariantName = "[No Variations]"
Added Component: Designator=*3(R100)
Add component. Clean all parameters for all variants
Add component (AddParameter): Name = "BOM名称"; Value = "探针焊盘"; VariantName = "[No Variations]"
Add component (AddParameter): Name = "学习资源"; Value = "www.ooocke.com"; VariantName = "[No Variations]"
Add component (AddParameter): Name = "版权归属"; Value = "源创客"; VariantName = "[No Variations]"
Added Component: Designator=*4(R100)
Add component. Clean all parameters for all variants
Add component (AddParameter): Name = "BOM名称"; Value = "探针焊盘"; VariantName = "[No Variations]"
Add component (AddParameter): Name = "学习资源"; Value = "www.ooocke.com"; VariantName = "[No Variations]"
Add component (AddParameter): Name = "版权归属"; Value = "源创客"; VariantName = "[No Variations]"
Added Component: Designator=*5(R100)
Add component. Clean all parameters for all variants
Add component (AddParameter): Name = "BOM名称"; Value = "探针焊盘"; VariantName = "[No Variations]"
Add component (AddParameter): Name = "学习资源"; Value = "www.ooocke.com"; VariantName = "[No Variations]"
Add component (AddParameter): Name = "版权归属"; Value = "源创客"; VariantName = "[No Variations]"
Added Component: Designator=*6(R100)
Add component. Clean all parameters for all variants
Add component (AddParameter): Name = "BOM名称"; Value = "探针焊盘"; VariantName = "[No Variations]"
Add component (AddParameter): Name = "学习资源"; Value = "www.ooocke.com"; VariantName = "[No Variations]"
Add component (AddParameter): Name = "版权归属"; Value = "源创客"; VariantName = "[No Variations]"
Added Component: Designator=*7(R100)
Add component. Clean all parameters for all variants
Add component (AddParameter): Name = "BOM名称"; Value = "探针焊盘"; VariantName = "[No Variations]"
Add component (AddParameter): Name = "学习资源"; Value = "www.ooocke.com"; VariantName = "[No Variations]"
Add component (AddParameter): Name = "版权归属"; Value = "源创客"; VariantName = "[No Variations]"
Added Component: Designator=*8(R100)
Add component. Clean all parameters for all variants
Add component (AddParameter): Name = "BOM名称"; Value = "探针焊盘"; VariantName = "[No Variations]"
Add component (AddParameter): Name = "学习资源"; Value = "www.ooocke.com"; VariantName = "[No Variations]"
Add component (AddParameter): Name = "版权归属"; Value = "源创客"; VariantName = "[No Variations]"
Added Component: Designator=*9(R100)
Add component. Clean all parameters for all variants
Add component (AddParameter): Name = "BOM名称"; Value = "探针焊盘"; VariantName = "[No Variations]"
Add component (AddParameter): Name = "学习资源"; Value = "www.ooocke.com"; VariantName = "[No Variations]"
Add component (AddParameter): Name = "版权归属"; Value = "源创客"; VariantName = "[No Variations]"
Added Component: Designator=*10(R100)
Add component. Clean all parameters for all variants
Add component (AddParameter): Name = "BOM名称"; Value = "探针焊盘"; VariantName = "[No Variations]"
Add component (AddParameter): Name = "学习资源"; Value = "www.ooocke.com"; VariantName = "[No Variations]"
Add component (AddParameter): Name = "版权归属"; Value = "源创客"; VariantName = "[No Variations]"
Added Component: Designator=*11(R100)
Add component. Clean all parameters for all variants
Add component (AddParameter): Name = "BOM名称"; Value = "探针焊盘"; VariantName = "[No Variations]"
Add component (AddParameter): Name = "学习资源"; Value = "www.ooocke.com"; VariantName = "[No Variations]"
Add component (AddParameter): Name = "版权归属"; Value = "源创客"; VariantName = "[No Variations]"
Added Component: Designator=*12(R100)
Add component. Clean all parameters for all variants
Add component (AddParameter): Name = "BOM名称"; Value = "探针焊盘"; VariantName = "[No Variations]"
Add component (AddParameter): Name = "学习资源"; Value = "www.ooocke.com"; VariantName = "[No Variations]"
Add component (AddParameter): Name = "版权归属"; Value = "源创客"; VariantName = "[No Variations]"
Added Component: Designator=C1(C 0603_L)
Add component. Clean all parameters for all variants
Add component (AddParameter): Name = "BOM名称"; Value = "无极性贴片电容"; VariantName = "[No Variations]"
Add component (AddParameter): Name = "学习资源"; Value = "www.ooocke.com"; VariantName = "[No Variations]"
Add component (AddParameter): Name = "版权归属"; Value = "源创客"; VariantName = "[No Variations]"
Added Component: Designator=C2(C 0603_L)
Add component. Clean all parameters for all variants
Add component (AddParameter): Name = "BOM名称"; Value = "无极性贴片电容"; VariantName = "[No Variations]"
Add component (AddParameter): Name = "学习资源"; Value = "www.ooocke.com"; VariantName = "[No Variations]"
Add component (AddParameter): Name = "版权归属"; Value = "源创客"; VariantName = "[No Variations]"
Added Component: Designator=C3(C 0603_L)
Add component. Clean all parameters for all variants
Add component (AddParameter): Name = "BOM名称"; Value = "无极性贴片电容"; VariantName = "[No Variations]"
Add component (AddParameter): Name = "学习资源"; Value = "www.ooocke.com"; VariantName = "[No Variations]"
Add component (AddParameter): Name = "版权归属"; Value = "源创客"; VariantName = "[No Variations]"
Added Component: Designator=C4(C 0603_L)
Add component. Clean all parameters for all variants
Add component (AddParameter): Name = "BOM名称"; Value = "无极性贴片电容"; VariantName = "[No Variations]"
Add component (AddParameter): Name = "学习资源"; Value = "www.ooocke.com"; VariantName = "[No Variations]"
Add component (AddParameter): Name = "版权归属"; Value = "源创客"; VariantName = "[No Variations]"
Added Component: Designator=C5(C 0603_L)
Add component. Clean all parameters for all variants
Add component (AddParameter): Name = "BOM名称"; Value = "无极性贴片电容"; VariantName = "[No Variations]"
Add component (AddParameter): Name = "学习资源"; Value = "www.ooocke.com"; VariantName = "[No Variations]"
Add component (AddParameter): Name = "版权归属"; Value = "源创客"; VariantName = "[No Variations]"
Added Component: Designator=C6(C 0603_L)
Add component. Clean all parameters for all variants
Add component (AddParameter): Name = "BOM名称"; Value = "无极性贴片电容"; VariantName = "[No Variations]"
Add component (AddParameter): Name = "学习资源"; Value = "www.ooocke.com"; VariantName = "[No Variations]"
Add component (AddParameter): Name = "版权归属"; Value = "源创客"; VariantName = "[No Variations]"
Added Component: Designator=C7(C 0603_L)
Add component. Clean all parameters for all variants
Add component (AddParameter): Name = "BOM名称"; Value = "无极性贴片电容"; VariantName = "[No Variations]"
Add component (AddParameter): Name = "学习资源"; Value = "www.ooocke.com"; VariantName = "[No Variations]"
Add component (AddParameter): Name = "版权归属"; Value = "源创客"; VariantName = "[No Variations]"
Added Component: Designator=C8(C 0603_L)
Add component. Clean all parameters for all variants
Add component (AddParameter): Name = "BOM名称"; Value = "无极性贴片电容"; VariantName = "[No Variations]"
Add component (AddParameter): Name = "学习资源"; Value = "www.ooocke.com"; VariantName = "[No Variations]"
Add component (AddParameter): Name = "版权归属"; Value = "源创客"; VariantName = "[No Variations]"
Added Component: Designator=C9(C 0603_L)
Add component. Clean all parameters for all variants
Add component (AddParameter): Name = "BOM名称"; Value = "无极性贴片电容"; VariantName = "[No Variations]"
Add component (AddParameter): Name = "学习资源"; Value = "www.ooocke.com"; VariantName = "[No Variations]"
Add component (AddParameter): Name = "版权归属"; Value = "源创客"; VariantName = "[No Variations]"
Added Component: Designator=C10(C 0603_L)
Add component. Clean all parameters for all variants
Add component (AddParameter): Name = "BOM名称"; Value = "无极性贴片电容"; VariantName = "[No Variations]"
Add component (AddParameter): Name = "学习资源"; Value = "www.ooocke.com"; VariantName = "[No Variations]"
Add component (AddParameter): Name = "版权归属"; Value = "源创客"; VariantName = "[No Variations]"
Added Component: Designator=DE1(DEBUG_A)
Add component. Clean all parameters for all variants
Add component (AddParameter): Name = "BOM名称"; Value = "调试断点焊盘"; VariantName = "[No Variations]"
Add component (AddParameter): Name = "学习资源"; Value = "www.ooocke.com"; VariantName = "[No Variations]"
Add component (AddParameter): Name = "版权归属"; Value = "源创客"; VariantName = "[No Variations]"
Added Component: Designator=DE2(DEBUG_A)
Add component. Clean all parameters for all variants
Add component (AddParameter): Name = "BOM名称"; Value = "调试断点焊盘"; VariantName = "[No Variations]"
Add component (AddParameter): Name = "学习资源"; Value = "www.ooocke.com"; VariantName = "[No Variations]"
Add component (AddParameter): Name = "版权归属"; Value = "源创客"; VariantName = "[No Variations]"
Added Component: Designator=DE3(DEBUG_A)
Add component. Clean all parameters for all variants
Add component (AddParameter): Name = "BOM名称"; Value = "调试断点焊盘"; VariantName = "[No Variations]"
Add component (AddParameter): Name = "学习资源"; Value = "www.ooocke.com"; VariantName = "[No Variations]"
Add component (AddParameter): Name = "版权归属"; Value = "源创客"; VariantName = "[No Variations]"
Added Component: Designator=DE4(DEBUG_A)
Add component. Clean all parameters for all variants
Add component (AddParameter): Name = "BOM名称"; Value = "调试断点焊盘"; VariantName = "[No Variations]"
Add component (AddParameter): Name = "学习资源"; Value = "www.ooocke.com"; VariantName = "[No Variations]"
Add component (AddParameter): Name = "版权归属"; Value = "源创客"; VariantName = "[No Variations]"
Added Component: Designator=DE5(DEBUG_A)
Add component. Clean all parameters for all variants
Add component (AddParameter): Name = "BOM名称"; Value = "调试断点焊盘"; VariantName = "[No Variations]"
Add component (AddParameter): Name = "学习资源"; Value = "www.ooocke.com"; VariantName = "[No Variations]"
Add component (AddParameter): Name = "版权归属"; Value = "源创客"; VariantName = "[No Variations]"
Added Component: Designator=DE6(DEBUG_A)
Add component. Clean all parameters for all variants
Add component (AddParameter): Name = "BOM名称"; Value = "调试断点焊盘"; VariantName = "[No Variations]"
Add component (AddParameter): Name = "学习资源"; Value = "www.ooocke.com"; VariantName = "[No Variations]"
Add component (AddParameter): Name = "版权归属"; Value = "源创客"; VariantName = "[No Variations]"
Added Component: Designator=JP1(MX 1.25-LS-4P)
Add component. Clean all parameters for all variants
Add component (AddParameter): Name = "BOM名称"; Value = "4P接插件"; VariantName = "[No Variations]"
Add component (AddParameter): Name = "学习资源"; Value = "www.ooocke.com"; VariantName = "[No Variations]"
Add component (AddParameter): Name = "版权归属"; Value = "源创客"; VariantName = "[No Variations]"
Added Component: Designator=JP2(MX 1.25-LS-4P)
Add component. Clean all parameters for all variants
Add component (AddParameter): Name = "BOM名称"; Value = "4P接插件"; VariantName = "[No Variations]"
Add component (AddParameter): Name = "学习资源"; Value = "www.ooocke.com"; VariantName = "[No Variations]"
Add component (AddParameter): Name = "版权归属"; Value = "源创客"; VariantName = "[No Variations]"
Added Component: Designator=LED1(LED 0603W)
Add component. Clean all parameters for all variants
Add component (AddParameter): Name = "BOM名称"; Value = "贴片LED"; VariantName = "[No Variations]"
Add component (AddParameter): Name = "学习资源"; Value = "www.ooocke.com"; VariantName = "[No Variations]"
Add component (AddParameter): Name = "版权归属"; Value = "源创客"; VariantName = "[No Variations]"
Added Component: Designator=LED2(LED 0603W)
Add component. Clean all parameters for all variants
Add component (AddParameter): Name = "BOM名称"; Value = "贴片LED"; VariantName = "[No Variations]"
Add component (AddParameter): Name = "学习资源"; Value = "www.ooocke.com"; VariantName = "[No Variations]"
Add component (AddParameter): Name = "版权归属"; Value = "源创客"; VariantName = "[No Variations]"
Added Component: Designator=LED3(LED 0603W)
Add component. Clean all parameters for all variants
Add component (AddParameter): Name = "BOM名称"; Value = "贴片LED"; VariantName = "[No Variations]"
Add component (AddParameter): Name = "学习资源"; Value = "www.ooocke.com"; VariantName = "[No Variations]"
Add component (AddParameter): Name = "版权归属"; Value = "源创客"; VariantName = "[No Variations]"
Added Component: Designator=LED4(LED 0603W)
Add component. Clean all parameters for all variants
Add component (AddParameter): Name = "BOM名称"; Value = "贴片LED"; VariantName = "[No Variations]"
Add component (AddParameter): Name = "学习资源"; Value = "www.ooocke.com"; VariantName = "[No Variations]"
Add component (AddParameter): Name = "版权归属"; Value = "源创客"; VariantName = "[No Variations]"
Added Component: Designator=Q1(SOT-23)
Add component. Clean all parameters for all variants
Added Component: Designator=Q2(SOT-23)
Add component. Clean all parameters for all variants
Added Component: Designator=R1(R 0201_L)
Add component. Clean all parameters for all variants
Add component (AddParameter): Name = "BOM名称"; Value = "贴片电阻"; VariantName = "[No Variations]"
Add component (AddParameter): Name = "学习资源"; Value = "www.ooocke.com"; VariantName = "[No Variations]"
Add component (AddParameter): Name = "版权归属"; Value = "源创客"; VariantName = "[No Variations]"
Added Component: Designator=R2(R 0201_L)
Add component. Clean all parameters for all variants
Add component (AddParameter): Name = "BOM名称"; Value = "贴片电阻"; VariantName = "[No Variations]"
Add component (AddParameter): Name = "学习资源"; Value = "www.ooocke.com"; VariantName = "[No Variations]"
Add component (AddParameter): Name = "版权归属"; Value = "源创客"; VariantName = "[No Variations]"
Added Component: Designator=R3(R 0201_L)
Add component. Clean all parameters for all variants
Add component (AddParameter): Name = "BOM名称"; Value = "贴片电阻"; VariantName = "[No Variations]"
Add component (AddParameter): Name = "学习资源"; Value = "www.ooocke.com"; VariantName = "[No Variations]"
Add component (AddParameter): Name = "版权归属"; Value = "源创客"; VariantName = "[No Variations]"
Added Component: Designator=R4(R 0201_L)
Add component. Clean all parameters for all variants
Add component (AddParameter): Name = "BOM名称"; Value = "贴片电阻"; VariantName = "[No Variations]"
Add component (AddParameter): Name = "学习资源"; Value = "www.ooocke.com"; VariantName = "[No Variations]"
Add component (AddParameter): Name = "版权归属"; Value = "源创客"; VariantName = "[No Variations]"
Added Component: Designator=R5(R 0201_L)
Add component. Clean all parameters for all variants
Add component (AddParameter): Name = "BOM名称"; Value = "贴片电阻"; VariantName = "[No Variations]"
Add component (AddParameter): Name = "学习资源"; Value = "www.ooocke.com"; VariantName = "[No Variations]"
Add component (AddParameter): Name = "版权归属"; Value = "源创客"; VariantName = "[No Variations]"
Added Component: Designator=R6(R 0201_L)
Add component. Clean all parameters for all variants
Add component (AddParameter): Name = "BOM名称"; Value = "贴片电阻"; VariantName = "[No Variations]"
Add component (AddParameter): Name = "学习资源"; Value = "www.ooocke.com"; VariantName = "[No Variations]"
Add component (AddParameter): Name = "版权归属"; Value = "源创客"; VariantName = "[No Variations]"
Added Component: Designator=R7(R 0201_L)
Add component. Clean all parameters for all variants
Add component (AddParameter): Name = "BOM名称"; Value = "贴片电阻"; VariantName = "[No Variations]"
Add component (AddParameter): Name = "学习资源"; Value = "www.ooocke.com"; VariantName = "[No Variations]"
Add component (AddParameter): Name = "版权归属"; Value = "源创客"; VariantName = "[No Variations]"
Added Component: Designator=R8(R 0201_L)
Add component. Clean all parameters for all variants
Add component (AddParameter): Name = "BOM名称"; Value = "贴片电阻"; VariantName = "[No Variations]"
Add component (AddParameter): Name = "学习资源"; Value = "www.ooocke.com"; VariantName = "[No Variations]"
Add component (AddParameter): Name = "版权归属"; Value = "源创客"; VariantName = "[No Variations]"
Added Component: Designator=TP1(TEST 1)
Add component. Clean all parameters for all variants
Add component (AddParameter): Name = "BOM名称"; Value = "测试点"; VariantName = "[No Variations]"
Add component (AddParameter): Name = "学习资源"; Value = "www.ooocke.com"; VariantName = "[No Variations]"
Add component (AddParameter): Name = "版权归属"; Value = "源创客"; VariantName = "[No Variations]"
Added Component: Designator=TP2(TEST 1)
Add component. Clean all parameters for all variants
Add component (AddParameter): Name = "BOM名称"; Value = "测试点"; VariantName = "[No Variations]"
Add component (AddParameter): Name = "学习资源"; Value = "www.ooocke.com"; VariantName = "[No Variations]"
Add component (AddParameter): Name = "版权归属"; Value = "源创客"; VariantName = "[No Variations]"
Added Component: Designator=TP3(TEST 1)
Add component. Clean all parameters for all variants
Add component (AddParameter): Name = "BOM名称"; Value = "测试点"; VariantName = "[No Variations]"
Add component (AddParameter): Name = "学习资源"; Value = "www.ooocke.com"; VariantName = "[No Variations]"
Add component (AddParameter): Name = "版权归属"; Value = "源创客"; VariantName = "[No Variations]"
Added Component: Designator=TP4(TEST 1)
Add component. Clean all parameters for all variants
Add component (AddParameter): Name = "BOM名称"; Value = "测试点"; VariantName = "[No Variations]"
Add component (AddParameter): Name = "学习资源"; Value = "www.ooocke.com"; VariantName = "[No Variations]"
Add component (AddParameter): Name = "版权归属"; Value = "源创客"; VariantName = "[No Variations]"
Added Component: Designator=U1(TSSOP-20)
Add component. Clean all parameters for all variants
Add component (AddParameter): Name = "ComponentLink1Description"; Value = "供应商链接"; VariantName = "[No Variations]"
Add component (AddParameter): Name = "ComponentLink1URL"; Value = "http://www.szlcsc.com/product/details_30799.html"; VariantName = "[No Variations]"
Add component (AddParameter): Name = "Notepad"; Value = ""; VariantName = "[No Variations]"
Add component (AddParameter): Name = "Package"; Value = "TSSOP-20"; VariantName = "[No Variations]"
Add component (AddParameter): Name = "Supplier"; Value = "LC"; VariantName = "[No Variations]"
Add component (AddParameter): Name = "SuppliersPartNumber"; Value = "C30044"; VariantName = "[No Variations]"
Added Component: Designator=U2(TSSOP-20)
Add component. Clean all parameters for all variants
Add component (AddParameter): Name = "ComponentLink1Description"; Value = "供应商链接"; VariantName = "[No Variations]"
Add component (AddParameter): Name = "ComponentLink1URL"; Value = "http://www.szlcsc.com/product/details_30799.html"; VariantName = "[No Variations]"
Add component (AddParameter): Name = "Notepad"; Value = ""; VariantName = "[No Variations]"
Add component (AddParameter): Name = "Package"; Value = "TSSOP-20"; VariantName = "[No Variations]"
Add component (AddParameter): Name = "Supplier"; Value = "LC"; VariantName = "[No Variations]"
Add component (AddParameter): Name = "SuppliersPartNumber"; Value = "C30044"; VariantName = "[No Variations]"
Added Component: Designator=V1(SOT89_N)
Add component. Clean all parameters for all variants
Add component (AddParameter): Name = "BOM名称"; Value = "稳压芯片"; VariantName = "[No Variations]"
Add component (AddParameter): Name = "学习资源"; Value = "www.ooocke.com"; VariantName = "[No Variations]"
Add component (AddParameter): Name = "版权归属"; Value = "源创客"; VariantName = "[No Variations]"
Added Component: Designator=V2(SOT89_N)
Add component. Clean all parameters for all variants
Add component (AddParameter): Name = "BOM名称"; Value = "稳压芯片"; VariantName = "[No Variations]"
Add component (AddParameter): Name = "学习资源"; Value = "www.ooocke.com"; VariantName = "[No Variations]"
Add component (AddParameter): Name = "版权归属"; Value = "源创客"; VariantName = "[No Variations]"
Added Pin To Net: NetName=+5_B Pin=C6-2
Added Pin To Net: NetName=+5_B Pin=V2-3
Added Net: Name=+5_B
Added Pin To Net: NetName=+5 Pin=C1-2
Added Pin To Net: NetName=+5 Pin=V1-3
Added Net: Name=+5
Added Pin To Net: NetName=3V3_B Pin=*5-1
Added Pin To Net: NetName=3V3_B Pin=C7-2
Added Pin To Net: NetName=3V3_B Pin=C8-2
Added Pin To Net: NetName=3V3_B Pin=C10-2
Added Pin To Net: NetName=3V3_B Pin=DE5-2
Added Pin To Net: NetName=3V3_B Pin=JP2-1
Added Pin To Net: NetName=3V3_B Pin=LED3-1
Added Pin To Net: NetName=3V3_B Pin=LED4-1
Added Pin To Net: NetName=3V3_B Pin=R5-2
Added Pin To Net: NetName=3V3_B Pin=TP4-1
Added Pin To Net: NetName=3V3_B Pin=U2-8
Added Pin To Net: NetName=3V3_B Pin=V2-2
Added Pin To Net: NetName=3V3_B Pin=V2-2
Added Net: Name=3V3_B
Added Pin To Net: NetName=3V3 Pin=*1-1
Added Pin To Net: NetName=3V3 Pin=C2-2
Added Pin To Net: NetName=3V3 Pin=C3-2
Added Pin To Net: NetName=3V3 Pin=C5-2
Added Pin To Net: NetName=3V3 Pin=DE2-2
Added Pin To Net: NetName=3V3 Pin=JP1-1
Added Pin To Net: NetName=3V3 Pin=LED1-1
Added Pin To Net: NetName=3V3 Pin=LED2-1
Added Pin To Net: NetName=3V3 Pin=R1-2
Added Pin To Net: NetName=3V3 Pin=TP2-1
Added Pin To Net: NetName=3V3 Pin=U1-8
Added Pin To Net: NetName=3V3 Pin=V1-2
Added Pin To Net: NetName=3V3 Pin=V1-2
Added Net: Name=3V3
Added Pin To Net: NetName=Ctrl_B Pin=*8-1
Added Pin To Net: NetName=Ctrl_B Pin=Q2-B
Added Net: Name=Ctrl_B
Added Pin To Net: NetName=Ctrl Pin=*9-1
Added Pin To Net: NetName=Ctrl Pin=Q1-B
Added Net: Name=Ctrl
Added Pin To Net: NetName=GND Pin=*2-1
Added Pin To Net: NetName=GND Pin=*6-1
Added Pin To Net: NetName=GND Pin=C1-1
Added Pin To Net: NetName=GND Pin=C2-1
Added Pin To Net: NetName=GND Pin=C3-1
Added Pin To Net: NetName=GND Pin=C4-1
Added Pin To Net: NetName=GND Pin=C5-1
Added Pin To Net: NetName=GND Pin=C6-1
Added Pin To Net: NetName=GND Pin=C7-1
Added Pin To Net: NetName=GND Pin=C8-1
Added Pin To Net: NetName=GND Pin=C9-1
Added Pin To Net: NetName=GND Pin=C10-1
Added Pin To Net: NetName=GND Pin=DE1-1
Added Pin To Net: NetName=GND Pin=DE3-1
Added Pin To Net: NetName=GND Pin=DE4-1
Added Pin To Net: NetName=GND Pin=DE6-1
Added Pin To Net: NetName=GND Pin=JP1-4
Added Pin To Net: NetName=GND Pin=JP2-4
Added Pin To Net: NetName=GND Pin=R2-1
Added Pin To Net: NetName=GND Pin=R3-1
Added Pin To Net: NetName=GND Pin=R6-1
Added Pin To Net: NetName=GND Pin=R7-1
Added Pin To Net: NetName=GND Pin=U1-7
Added Pin To Net: NetName=GND Pin=U2-7
Added Pin To Net: NetName=GND Pin=V1-1
Added Pin To Net: NetName=GND Pin=V2-1
Added Net: Name=GND
Added Pin To Net: NetName=KEY_B Pin=DE5-1
Added Pin To Net: NetName=KEY_B Pin=DE6-2
Added Pin To Net: NetName=KEY_B Pin=U2-10
Added Net: Name=KEY_B
Added Pin To Net: NetName=KEY Pin=DE2-1
Added Pin To Net: NetName=KEY Pin=DE3-2
Added Pin To Net: NetName=KEY Pin=U1-10
Added Net: Name=KEY
Added Pin To Net: NetName=LED_B Pin=*7-1
Added Pin To Net: NetName=LED_B Pin=R8-1
Added Pin To Net: NetName=LED_B Pin=U2-12
Added Net: Name=LED_B
Added Pin To Net: NetName=LED Pin=*12-1
Added Pin To Net: NetName=LED Pin=R4-1
Added Pin To Net: NetName=LED Pin=U1-12
Added Net: Name=LED
Added Pin To Net: NetName=NetC4_2 Pin=C4-2
Added Pin To Net: NetName=NetC4_2 Pin=DE1-2
Added Pin To Net: NetName=NetC4_2 Pin=Q1-C
Added Pin To Net: NetName=NetC4_2 Pin=R1-1
Added Pin To Net: NetName=NetC4_2 Pin=TP1-1
Added Pin To Net: NetName=NetC4_2 Pin=U1-4
Added Net: Name=NetC4_2
Added Pin To Net: NetName=NetC9_2 Pin=C9-2
Added Pin To Net: NetName=NetC9_2 Pin=DE4-2
Added Pin To Net: NetName=NetC9_2 Pin=Q2-C
Added Pin To Net: NetName=NetC9_2 Pin=R5-1
Added Pin To Net: NetName=NetC9_2 Pin=TP3-1
Added Pin To Net: NetName=NetC9_2 Pin=U2-4
Added Net: Name=NetC9_2
Added Pin To Net: NetName=NetLED1_2 Pin=LED1-2
Added Pin To Net: NetName=NetLED1_2 Pin=R3-2
Added Net: Name=NetLED1_2
Added Pin To Net: NetName=NetLED2_2 Pin=LED2-2
Added Pin To Net: NetName=NetLED2_2 Pin=R4-2
Added Net: Name=NetLED2_2
Added Pin To Net: NetName=NetLED3_2 Pin=LED3-2
Added Pin To Net: NetName=NetLED3_2 Pin=R7-2
Added Net: Name=NetLED3_2
Added Pin To Net: NetName=NetLED4_2 Pin=LED4-2
Added Pin To Net: NetName=NetLED4_2 Pin=R8-2
Added Net: Name=NetLED4_2
Added Pin To Net: NetName=NetQ1_E Pin=Q1-E
Added Pin To Net: NetName=NetQ1_E Pin=R2-2
Added Net: Name=NetQ1_E
Added Pin To Net: NetName=NetQ2_E Pin=Q2-E
Added Pin To Net: NetName=NetQ2_E Pin=R6-2
Added Net: Name=NetQ2_E
Added Pin To Net: NetName=PA0_B Pin=U2-3
Added Net: Name=PA0_B
Added Pin To Net: NetName=PA0 Pin=U1-3
Added Net: Name=PA0
Added Pin To Net: NetName=PA2_B Pin=U2-5
Added Net: Name=PA2_B
Added Pin To Net: NetName=PA2 Pin=U1-5
Added Net: Name=PA2
Added Pin To Net: NetName=PA3_B Pin=U2-6
Added Net: Name=PA3_B
Added Pin To Net: NetName=PA3 Pin=U1-6
Added Net: Name=PA3
Added Pin To Net: NetName=PB1_B Pin=U2-11
Added Net: Name=PB1_B
Added Pin To Net: NetName=PB1 Pin=U1-11
Added Net: Name=PB1
Added Pin To Net: NetName=PB3_B Pin=U2-13
Added Net: Name=PB3_B
Added Pin To Net: NetName=PB3 Pin=U1-13
Added Net: Name=PB3
Added Pin To Net: NetName=PB4_B Pin=U2-14
Added Net: Name=PB4_B
Added Pin To Net: NetName=PB4 Pin=U1-14
Added Net: Name=PB4
Added Pin To Net: NetName=PB5_B Pin=U2-15
Added Net: Name=PB5_B
Added Pin To Net: NetName=PB5 Pin=U1-15
Added Net: Name=PB5
Added Pin To Net: NetName=PB6_B Pin=U2-16
Added Net: Name=PB6_B
Added Pin To Net: NetName=PB6 Pin=U1-16
Added Net: Name=PB6
Added Pin To Net: NetName=PB7_B Pin=U2-17
Added Net: Name=PB7_B
Added Pin To Net: NetName=PB7 Pin=U1-17
Added Net: Name=PB7
Added Pin To Net: NetName=WD_SCL_B Pin=JP2-2
Added Pin To Net: NetName=WD_SCL_B Pin=U2-19
Added Net: Name=WD_SCL_B
Added Pin To Net: NetName=WD_SCL Pin=JP1-2
Added Pin To Net: NetName=WD_SCL Pin=U1-19
Added Net: Name=WD_SCL
Added Pin To Net: NetName=WD_SDA_B Pin=JP2-3
Added Pin To Net: NetName=WD_SDA_B Pin=U2-18
Added Net: Name=WD_SDA_B
Added Pin To Net: NetName=WD_SDA Pin=JP1-3
Added Pin To Net: NetName=WD_SDA Pin=U1-18
Added Net: Name=WD_SDA
Added Pin To Net: NetName=WD_UART_RX_B Pin=*3-1
Added Pin To Net: NetName=WD_UART_RX_B Pin=U2-20
Added Net: Name=WD_UART_RX_B
Added Pin To Net: NetName=WD_UART_RX Pin=*10-1
Added Pin To Net: NetName=WD_UART_RX Pin=U1-20
Added Net: Name=WD_UART_RX
Added Pin To Net: NetName=WD_UART_TX_B Pin=*4-1
Added Pin To Net: NetName=WD_UART_TX_B Pin=U2-1
Added Net: Name=WD_UART_TX_B
Added Pin To Net: NetName=WD_UART_TX Pin=*11-1
Added Pin To Net: NetName=WD_UART_TX Pin=U1-1
Added Net: Name=WD_UART_TX
Added Class: Name=WaterDepth
Added Room: Name=WaterDepth
